#
# A fatal error has been detected by the Java Runtime Environment:
#
#  SIGSEGV (0xb) at pc=0x000000010161f65e, pid=499, tid=10499
#
# JRE version: Java(TM) SE Runtime Environment (7.0_45-b18) (build 1.7.0_45-b18)
# Java VM: Java HotSpot(TM) 64-Bit Server VM (24.45-b08 mixed mode bsd-amd64 compressed oops)
# Problematic frame:
# V  [libjvm.dylib+0x45965e]  void PSRootsClosure<true>::do_oop_work<oopDesc*>(oopDesc**)+0x28
#
# Failed to write core dump. Core dumps have been disabled. To enable core dumping, try "ulimit -c unlimited" before starting Java again
#
# If you would like to submit a bug report, please visit:
#   http://bugreport.sun.com/bugreport/crash.jsp
#

---------------  T H R E A D  ---------------

Current thread (0x00007ffdac80e800):  GCTaskThread [stack: 0x0000000105a9c000,0x0000000105b9c000] [id=10499]

siginfo:si_signo=SIGSEGV: si_errno=0, si_code=0 (SEGV0), si_addr=0x0000000000000000

Registers:
RAX=0x0000800000000000, RBX=0x0000000102e4284b, RCX=0x00000001019d1c50, RDX=0x000000010126ded1
RSP=0x0000000105b9bc10, RBP=0x0000000105b9bc20, RSI=0x0000000102e4284b, RDI=0x0000000105b9bd68
R8 =0x0000000000000001, R9 =0x0000000000000001, R10=0x0000000000000032, R11=0xffff80035a24d048
R12=0x000000010161eec0, R13=0x0000000105b9bc30, R14=0x0000000105b9bd68, R15=0x0000000102e3ced0
RIP=0x000000010161f65e, EFLAGS=0x0000000000010287, ERR=0x0000000000000000
  TRAPNO=0x000000000000000d

Top of Stack: (sp=0x0000000105b9bc10)
0x0000000105b9bc10:   0000000105b9bd68 0000000105b9bca0
0x0000000105b9bc20:   0000000105b9bcf0 00000001015c2f6a
0x0000000105b9bc30:   0000000000000000 0000000102e3d698
0x0000000105b9bc40:   0000000102e3d780 0000000102e3ced0
0x0000000105b9bc50:   0000000102e42849 00000001019b000a
0x0000000105b9bc60:   0000000102e3d694 0000000101000000
0x0000000105b9bc70:   0000000102e3d780 0000000102e3d780
0x0000000105b9bc80:   0000000102e427e0 0000000102e3d780
0x0000000105b9bc90:   0000000102e427e0 0000000102e429b8
0x0000000105b9bca0:   00000001019bce90 0000000105b9bc30
0x0000000105b9bcb0:   0000000000000000 00000001015662a1
0x0000000105b9bcc0:   00007ffdab60ee10 0000000102e3ced0
0x0000000105b9bcd0:   0000000000000000 000000010173b1e3
0x0000000105b9bce0:   0000000105b9bd20 0000000000000001
0x0000000105b9bcf0:   0000000105b9bd10 000000010136c28d
0x0000000105b9bd00:   00007ffdab4146d0 00007ffdad800160
0x0000000105b9bd10:   0000000105b9bdb0 000000010161eb5e
0x0000000105b9bd20:   00000001019b6a80 00007ffdad800000
0x0000000105b9bd30:   0000000105b9bd68 00000001015bd501
0x0000000105b9bd40:   00007ffdab4146d0 00000001015bcf34
0x0000000105b9bd50:   00007ffdac80e800 00007ffdab608cb0
0x0000000105b9bd60:   0000000105b9bd80 000000010192f610
0x0000000105b9bd70:   0000000000000000 0000000000000000
0x0000000105b9bd80:   00007ffdab4146d0 000000010192f560
0x0000000105b9bd90:   0000000000000000 0000000000000000
0x0000000105b9bda0:   00007ffdab4146d0 00007ffdac80e800
0x0000000105b9bdb0:   0000000105b9be90 000000010142fda7
0x0000000105b9bdc0:   0000000105b9bdf0 00007ffdab60b300
0x0000000105b9bdd0:   00007ffdab60b330 00007ffdab60b340
0x0000000105b9bde0:   00007ffdab60b718 00000000000003d8
0x0000000105b9bdf0:   00007ffdac80e800 00007ffdab60b720
0x0000000105b9be00:   00007ffdab60b750 00007ffdab60b760 

Instructions: (pc=0x000000010161f65e)
0x000000010161f63e:   08 48 8b 06 48 85 c0 0f 84 a2 00 00 00 48 8d 0d
0x000000010161f64e:   fe 25 3b 00 48 39 01 0f 87 92 00 00 00 48 89 f3
0x000000010161f65e:   48 8b 08 48 83 e1 03 48 83 f9 03 75 26 48 8b 00
0x000000010161f66e:   48 8d 0d 54 0e 30 00 80 39 00 74 11 48 89 c1 48 

Register to memory mapping:

RAX=0x0000800000000000 is an unknown value
RBX=0x0000000102e4284b is at entry_point+20683 in (nmethod*)0x0000000102e3ced0
RCX=0x00000001019d1c50: _ZN10PSScavenge26_young_generation_boundaryE+0 in /Library/Java/JavaVirtualMachines/jdk1.7.0_45.jdk/Contents/Home/jre/lib/server/libjvm.dylib at 0x00000001011c6000
RDX=0x000000010126ded1: _ZN9Assembler14locate_operandEPhNS_12WhichOperandE+0xc1 in /Library/Java/JavaVirtualMachines/jdk1.7.0_45.jdk/Contents/Home/jre/lib/server/libjvm.dylib at 0x00000001011c6000
RSP=0x0000000105b9bc10 is an unknown value
RBP=0x0000000105b9bc20 is an unknown value
RSI=0x0000000102e4284b is at entry_point+20683 in (nmethod*)0x0000000102e3ced0
RDI=0x0000000105b9bd68 is an unknown value
R8 =0x0000000000000001 is an unknown value
R9 =0x0000000000000001 is an unknown value
R10=0x0000000000000032 is an unknown value
R11=0xffff80035a24d048 is an unknown value
R12=0x000000010161eec0: _ZN14PSRootsClosureILb1EE6do_oopEPP7oopDesc+0 in /Library/Java/JavaVirtualMachines/jdk1.7.0_45.jdk/Contents/Home/jre/lib/server/libjvm.dylib at 0x00000001011c6000
R13=0x0000000105b9bc30 is an unknown value
R14=0x0000000105b9bd68 is an unknown value
R15=0x0000000102e3ced0 is at entry_point+-2224 in (nmethod*)0x0000000102e3ced0


Stack: [0x0000000105a9c000,0x0000000105b9c000],  sp=0x0000000105b9bc10,  free space=1023k
Native frames: (J=compiled Java code, j=interpreted, Vv=VM code, C=native code)
V  [libjvm.dylib+0x45965e]  void PSRootsClosure<true>::do_oop_work<oopDesc*>(oopDesc**)+0x28
V  [libjvm.dylib+0x3fcf6a]  nmethod::oops_do(OopClosure*, bool)+0x108
V  [libjvm.dylib+0x1a628d]  CodeCache::scavenge_root_nmethods_do(CodeBlobClosure*)+0x3b
V  [libjvm.dylib+0x458b5e]  ScavengeRootsTask::do_it(GCTaskManager*, unsigned int)+0x14e
V  [libjvm.dylib+0x269da7]  GCTaskThread::run()+0x1a1
V  [libjvm.dylib+0x41b1c6]  java_start(Thread*)+0x126
C  [libsystem_pthread.dylib+0x1899]  _pthread_body+0x8a
C  [libsystem_pthread.dylib+0x172a]  _pthread_struct_init+0x0
C  [libsystem_pthread.dylib+0x5fc9]  thread_start+0xd


---------------  P R O C E S S  ---------------

Java Threads: ( => current thread )
  0x00007ffdacbf9800 JavaThread "Java2D Disposer" daemon [_thread_blocked, id=15371, stack(0x0000000109cb0000,0x0000000109db0000)]
  0x00007ffdac0d4000 JavaThread "AWT-AppKit" daemon [_thread_in_native, id=3335, stack(0x00007fff5eab8000,0x00007fff5eb38000)]
  0x00007ffdac8b1000 JavaThread "com.google.gwt.thirdparty.guava.common.base.internal.Finalizer" daemon [_thread_blocked, id=20231, stack(0x0000000109097000,0x0000000109197000)]
  0x00007ffdac047000 JavaThread "Timer-0" daemon [_thread_blocked, id=20739, stack(0x00000001091c2000,0x00000001092c2000)]
  0x00007ffdac00a000 JavaThread "Service Thread" daemon [_thread_blocked, id=19203, stack(0x0000000108a28000,0x0000000108b28000)]
  0x00007ffdac009000 JavaThread "C2 CompilerThread1" daemon [_thread_blocked, id=18691, stack(0x0000000108925000,0x0000000108a25000)]
  0x00007ffdad009800 JavaThread "C2 CompilerThread0" daemon [_thread_blocked, id=18179, stack(0x0000000108822000,0x0000000108922000)]
  0x00007ffdad008800 JavaThread "Signal Dispatcher" daemon [_thread_blocked, id=17667, stack(0x000000010871f000,0x000000010881f000)]
  0x00007ffdac842000 JavaThread "Finalizer" daemon [_thread_blocked, id=12547, stack(0x00000001084ce000,0x00000001085ce000)]
  0x00007ffdad000000 JavaThread "Reference Handler" daemon [_thread_blocked, id=12035, stack(0x00000001083cb000,0x00000001084cb000)]
  0x00007ffdac800000 JavaThread "main" [_thread_blocked, id=6403, stack(0x0000000101c30000,0x0000000101d30000)]

Other Threads:
  0x00007ffdab81f800 VMThread [stack: 0x00000001082c8000,0x00000001083c8000] [id=11523]
  0x00007ffdad008000 WatcherThread [stack: 0x0000000108b2b000,0x0000000108c2b000] [id=19715]

=>0x00007ffdac80e800 (exited) GCTaskThread [stack: 0x0000000105a9c000,0x0000000105b9c000] [id=10499]

VM state:at safepoint (normal execution)

VM Mutex/Monitor currently owned by a thread:  ([mutex/lock_event])
[0x00007ffdab410e10] Threads_lock - owner thread: 0x00007ffdab81f800
[0x00007ffdab411310] Heap_lock - owner thread: 0x00007ffdac800000

Heap
 PSYoungGen      total 127488K, used 106336K [0x00000007f5500000, 0x00000007ffb80000, 0x0000000800000000)
  eden space 88576K, 100% used [0x00000007f5500000,0x00000007fab80000,0x00000007fab80000)
  from space 38912K, 45% used [0x00000007fd580000,0x00000007fe6d8020,0x00000007ffb80000)
  to   space 40960K, 33% used [0x00000007fab80000,0x00000007fb918020,0x00000007fd380000)
 ParOldGen       total 209408K, used 108561K [0x00000007e0000000, 0x00000007ecc80000, 0x00000007f5500000)
  object space 209408K, 51% used [0x00000007e0000000,0x00000007e6a044b0,0x00000007ecc80000)
 PSPermGen       total 28160K, used 27911K [0x00000007dae00000, 0x00000007dc980000, 0x00000007e0000000)
  object space 28160K, 99% used [0x00000007dae00000,0x00000007dc941cf0,0x00000007dc980000)

Card table byte_map: [0x00000001056c0000,0x00000001057ea000] byte_map_base: 0x00000001017e9000

Polling page: 0x0000000101d6f000

Code Cache  [0x0000000102600000, 0x0000000102e50000, 0x0000000105600000)
 total_blobs=3046 nmethods=2597 adapters=398 free_code_cache=40794Kb largest_free_block=41629248

Compilation events (10 events):
Event: 35.843 Thread 0x00007ffdac009000 nmethod 3025 0x0000000102da2010 code [0x0000000102da2160, 0x0000000102da2238]
Event: 35.843 Thread 0x00007ffdac009000 3027             java.util.IdentityHashMap$KeyIterator::<init> (6 bytes)
Event: 35.844 Thread 0x00007ffdad009800 nmethod 3026 0x0000000102d3e8d0 code [0x0000000102d3ea20, 0x0000000102d3eaf8]
Event: 35.844 Thread 0x00007ffdad009800 3028             java.util.IdentityHashMap$KeyIterator::<init> (12 bytes)
Event: 35.844 Thread 0x00007ffdac009000 nmethod 3027 0x0000000102d3e590 code [0x0000000102d3e6e0, 0x0000000102d3e7b8]
Event: 35.844 Thread 0x00007ffdac009000 3029             java.util.IdentityHashMap$KeySet::<init> (6 bytes)
Event: 35.845 Thread 0x00007ffdac009000 nmethod 3029 0x0000000102da1d50 code [0x0000000102da1e80, 0x0000000102da1ef8]
Event: 35.845 Thread 0x00007ffdac009000 3030             java.util.IdentityHashMap$KeySet::<init> (10 bytes)
Event: 35.845 Thread 0x00007ffdad009800 nmethod 3028 0x0000000102d3e1d0 code [0x0000000102d3e320, 0x0000000102d3e3f8]
Event: 35.845 Thread 0x00007ffdac009000 nmethod 3030 0x0000000102da2510 code [0x0000000102da2640, 0x0000000102da26b8]

GC Heap History (10 events):
Event: 33.263 GC heap after
Heap after GC invocations=42 (full 4):
 PSYoungGen      total 123392K, used 24865K [0x00000007f5500000, 0x00000007ffd80000, 0x0000000800000000)
  eden space 76288K, 0% used [0x00000007f5500000,0x00000007f5500000,0x00000007f9f80000)
  from space 47104K, 52% used [0x00000007fcf80000,0x00000007fe7c8668,0x00000007ffd80000)
  to   space 48128K, 0% used [0x00000007f9f80000,0x00000007f9f80000,0x00000007fce80000)
 ParOldGen       total 209408K, used 97538K [0x00000007e0000000, 0x00000007ecc80000, 0x00000007f5500000)
  object space 209408K, 46% used [0x00000007e0000000,0x00000007e5f40b60,0x00000007ecc80000)
 PSPermGen       total 28160K, used 27450K [0x00000007dae00000, 0x00000007dc980000, 0x00000007e0000000)
  object space 28160K, 97% used [0x00000007dae00000,0x00000007dc8ceb90,0x00000007dc980000)
}
Event: 33.712 GC heap before
{Heap before GC invocations=43 (full 4):
 PSYoungGen      total 123392K, used 101153K [0x00000007f5500000, 0x00000007ffd80000, 0x0000000800000000)
  eden space 76288K, 100% used [0x00000007f5500000,0x00000007f9f80000,0x00000007f9f80000)
  from space 47104K, 52% used [0x00000007fcf80000,0x00000007fe7c8668,0x00000007ffd80000)
  to   space 48128K, 0% used [0x00000007f9f80000,0x00000007f9f80000,0x00000007fce80000)
 ParOldGen       total 209408K, used 97538K [0x00000007e0000000, 0x00000007ecc80000, 0x00000007f5500000)
  object space 209408K, 46% used [0x00000007e0000000,0x00000007e5f40b60,0x00000007ecc80000)
 PSPermGen       total 28160K, used 27455K [0x00000007dae00000, 0x00000007dc980000, 0x00000007e0000000)
  object space 28160K, 97% used [0x00000007dae00000,0x00000007dc8cfcf8,0x00000007dc980000)
Event: 33.745 GC heap after
Heap after GC invocations=43 (full 4):
 PSYoungGen      total 124416K, used 24801K [0x00000007f5500000, 0x00000007ffe00000, 0x0000000800000000)
  eden space 76288K, 0% used [0x00000007f5500000,0x00000007f5500000,0x00000007f9f80000)
  from space 48128K, 51% used [0x00000007f9f80000,0x00000007fb7b8668,0x00000007fce80000)
  to   space 46592K, 0% used [0x00000007fd080000,0x00000007fd080000,0x00000007ffe00000)
 ParOldGen       total 209408K, used 97538K [0x00000007e0000000, 0x00000007ecc80000, 0x00000007f5500000)
  object space 209408K, 46% used [0x00000007e0000000,0x00000007e5f40b60,0x00000007ecc80000)
 PSPermGen       total 28160K, used 27455K [0x00000007dae00000, 0x00000007dc980000, 0x00000007e0000000)
  object space 28160K, 97% used [0x00000007dae00000,0x00000007dc8cfcf8,0x00000007dc980000)
}
Event: 34.192 GC heap before
{Heap before GC invocations=44 (full 4):
 PSYoungGen      total 124416K, used 101089K [0x00000007f5500000, 0x00000007ffe00000, 0x0000000800000000)
  eden space 76288K, 100% used [0x00000007f5500000,0x00000007f9f80000,0x00000007f9f80000)
  from space 48128K, 51% used [0x00000007f9f80000,0x00000007fb7b8668,0x00000007fce80000)
  to   space 46592K, 0% used [0x00000007fd080000,0x00000007fd080000,0x00000007ffe00000)
 ParOldGen       total 209408K, used 97538K [0x00000007e0000000, 0x00000007ecc80000, 0x00000007f5500000)
  object space 209408K, 46% used [0x00000007e0000000,0x00000007e5f40b60,0x00000007ecc80000)
 PSPermGen       total 28160K, used 27461K [0x00000007dae00000, 0x00000007dc980000, 0x00000007e0000000)
  object space 28160K, 97% used [0x00000007dae00000,0x00000007dc8d14f8,0x00000007dc980000)
Event: 34.230 GC heap after
Heap after GC invocations=44 (full 4):
 PSYoungGen      total 122368K, used 22272K [0x00000007f5500000, 0x00000007ff980000, 0x0000000800000000)
  eden space 80384K, 0% used [0x00000007f5500000,0x00000007f5500000,0x00000007fa380000)
  from space 41984K, 53% used [0x00000007fd080000,0x00000007fe640050,0x00000007ff980000)
  to   space 44032K, 0% used [0x00000007fa380000,0x00000007fa380000,0x00000007fce80000)
 ParOldGen       total 209408K, used 101196K [0x00000007e0000000, 0x00000007ecc80000, 0x00000007f5500000)
  object space 209408K, 48% used [0x00000007e0000000,0x00000007e62d3198,0x00000007ecc80000)
 PSPermGen       total 28160K, used 27461K [0x00000007dae00000, 0x00000007dc980000, 0x00000007e0000000)
  object space 28160K, 97% used [0x00000007dae00000,0x00000007dc8d14f8,0x00000007dc980000)
}
Event: 34.548 GC heap before
{Heap before GC invocations=45 (full 4):
 PSYoungGen      total 122368K, used 102656K [0x00000007f5500000, 0x00000007ff980000, 0x0000000800000000)
  eden space 80384K, 100% used [0x00000007f5500000,0x00000007fa380000,0x00000007fa380000)
  from space 41984K, 53% used [0x00000007fd080000,0x00000007fe640050,0x00000007ff980000)
  to   space 44032K, 0% used [0x00000007fa380000,0x00000007fa380000,0x00000007fce80000)
 ParOldGen       total 209408K, used 101196K [0x00000007e0000000, 0x00000007ecc80000, 0x00000007f5500000)
  object space 209408K, 48% used [0x00000007e0000000,0x00000007e62d3198,0x00000007ecc80000)
 PSPermGen       total 28160K, used 27463K [0x00000007dae00000, 0x00000007dc980000, 0x00000007e0000000)
  object space 28160K, 97% used [0x00000007dae00000,0x00000007dc8d1c18,0x00000007dc980000)
Event: 34.580 GC heap after
Heap after GC invocations=45 (full 4):
 PSYoungGen      total 124416K, used 19552K [0x00000007f5500000, 0x00000007fff00000, 0x0000000800000000)
  eden space 80384K, 0% used [0x00000007f5500000,0x00000007f5500000,0x00000007fa380000)
  from space 44032K, 44% used [0x00000007fa380000,0x00000007fb698020,0x00000007fce80000)
  to   space 42496K, 0% used [0x00000007fd580000,0x00000007fd580000,0x00000007fff00000)
 ParOldGen       total 209408K, used 102859K [0x00000007e0000000, 0x00000007ecc80000, 0x00000007f5500000)
  object space 209408K, 49% used [0x00000007e0000000,0x00000007e6472ea8,0x00000007ecc80000)
 PSPermGen       total 28160K, used 27463K [0x00000007dae00000, 0x00000007dc980000, 0x00000007e0000000)
  object space 28160K, 97% used [0x00000007dae00000,0x00000007dc8d1c18,0x00000007dc980000)
}
Event: 35.087 GC heap before
{Heap before GC invocations=46 (full 4):
 PSYoungGen      total 124416K, used 99936K [0x00000007f5500000, 0x00000007fff00000, 0x0000000800000000)
  eden space 80384K, 100% used [0x00000007f5500000,0x00000007fa380000,0x00000007fa380000)
  from space 44032K, 44% used [0x00000007fa380000,0x00000007fb698020,0x00000007fce80000)
  to   space 42496K, 0% used [0x00000007fd580000,0x00000007fd580000,0x00000007fff00000)
 ParOldGen       total 209408K, used 102859K [0x00000007e0000000, 0x00000007ecc80000, 0x00000007f5500000)
  object space 209408K, 49% used [0x00000007e0000000,0x00000007e6472ea8,0x00000007ecc80000)
 PSPermGen       total 28160K, used 27469K [0x00000007dae00000, 0x00000007dc980000, 0x00000007e0000000)
  object space 28160K, 97% used [0x00000007dae00000,0x00000007dc8d37f8,0x00000007dc980000)
Event: 35.117 GC heap after
Heap after GC invocations=46 (full 4):
 PSYoungGen      total 127488K, used 17760K [0x00000007f5500000, 0x00000007ffb80000, 0x0000000800000000)
  eden space 88576K, 0% used [0x00000007f5500000,0x00000007f5500000,0x00000007fab80000)
  from space 38912K, 45% used [0x00000007fd580000,0x00000007fe6d8020,0x00000007ffb80000)
  to   space 40960K, 0% used [0x00000007fab80000,0x00000007fab80000,0x00000007fd380000)
 ParOldGen       total 209408K, used 104683K [0x00000007e0000000, 0x00000007ecc80000, 0x00000007f5500000)
  object space 209408K, 49% used [0x00000007e0000000,0x00000007e663aea8,0x00000007ecc80000)
 PSPermGen       total 28160K, used 27469K [0x00000007dae00000, 0x00000007dc980000, 0x00000007e0000000)
  object space 28160K, 97% used [0x00000007dae00000,0x00000007dc8d37f8,0x00000007dc980000)
}
Event: 35.854 GC heap before
{Heap before GC invocations=47 (full 4):
 PSYoungGen      total 127488K, used 106336K [0x00000007f5500000, 0x00000007ffb80000, 0x0000000800000000)
  eden space 88576K, 100% used [0x00000007f5500000,0x00000007fab80000,0x00000007fab80000)
  from space 38912K, 45% used [0x00000007fd580000,0x00000007fe6d8020,0x00000007ffb80000)
  to   space 40960K, 0% used [0x00000007fab80000,0x00000007fab80000,0x00000007fd380000)
 ParOldGen       total 209408K, used 104683K [0x00000007e0000000, 0x00000007ecc80000, 0x00000007f5500000)
  object space 209408K, 49% used [0x00000007e0000000,0x00000007e663aea8,0x00000007ecc80000)
 PSPermGen       total 28160K, used 27911K [0x00000007dae00000, 0x00000007dc980000, 0x00000007e0000000)
  object space 28160K, 99% used [0x00000007dae00000,0x00000007dc941cf0,0x00000007dc980000)

Deoptimization events (10 events):
Event: 33.302 Thread 0x00007ffdac800000 Uncommon trap: reason=class_check action=maybe_recompile pc=0x0000000102cf56d8 method=com.google.gwt.dev.jjs.ast.JProgram.getIndexedMethod(Ljava/lang/String;)Lcom/google/gwt/dev/jjs/ast/JMethod; @ 10
Event: 33.564 Thread 0x00007ffdac800000 Uncommon trap: reason=class_check action=maybe_recompile pc=0x0000000102d2bccc method=com.google.gwt.dev.jjs.impl.MakeCallsStatic.makeStaticCall(Lcom/google/gwt/dev/jjs/ast/JMethodCall;Lcom/google/gwt/dev/jjs/ast/JMethod;)Lcom/google/gwt/dev/jjs/ast/JExpr
Event: 33.947 Thread 0x00007ffdac800000 Uncommon trap: reason=class_check action=maybe_recompile pc=0x00000001029768d0 method=java.lang.Integer.equals(Ljava/lang/Object;)Z @ 1
Event: 33.948 Thread 0x00007ffdac800000 Uncommon trap: reason=class_check action=maybe_recompile pc=0x0000000102cf56d8 method=com.google.gwt.dev.jjs.ast.JProgram.getIndexedMethod(Ljava/lang/String;)Lcom/google/gwt/dev/jjs/ast/JMethod; @ 10
Event: 34.628 Thread 0x00007ffdac800000 Uncommon trap: reason=class_check action=maybe_recompile pc=0x00000001029768d0 method=java.lang.Integer.equals(Ljava/lang/Object;)Z @ 1
Event: 35.194 Thread 0x00007ffdac800000 Uncommon trap: reason=class_check action=maybe_recompile pc=0x00000001029768d0 method=java.lang.Integer.equals(Ljava/lang/Object;)Z @ 1
Event: 35.675 Thread 0x00007ffdac800000 Uncommon trap: reason=bimorphic action=maybe_recompile pc=0x0000000102c96a68 method=com.google.gwt.dev.jjs.impl.gflow.AssumptionUtil.join(Lcom/google/gwt/dev/jjs/impl/gflow/Assumption;Lcom/google/gwt/dev/jjs/impl/gflow/Assumption;)Lcom/google/gwt/dev/jjs/
Event: 35.675 Thread 0x00007ffdac800000 Uncommon trap: reason=bimorphic action=maybe_recompile pc=0x0000000102c96a68 method=com.google.gwt.dev.jjs.impl.gflow.AssumptionUtil.join(Lcom/google/gwt/dev/jjs/impl/gflow/Assumption;Lcom/google/gwt/dev/jjs/impl/gflow/Assumption;)Lcom/google/gwt/dev/jjs/
Event: 35.675 Thread 0x00007ffdac800000 Uncommon trap: reason=bimorphic action=maybe_recompile pc=0x0000000102c96a68 method=com.google.gwt.dev.jjs.impl.gflow.AssumptionUtil.join(Lcom/google/gwt/dev/jjs/impl/gflow/Assumption;Lcom/google/gwt/dev/jjs/impl/gflow/Assumption;)Lcom/google/gwt/dev/jjs/
Event: 35.675 Thread 0x00007ffdac800000 Uncommon trap: reason=bimorphic action=maybe_recompile pc=0x0000000102c96a68 method=com.google.gwt.dev.jjs.impl.gflow.AssumptionUtil.join(Lcom/google/gwt/dev/jjs/impl/gflow/Assumption;Lcom/google/gwt/dev/jjs/impl/gflow/Assumption;)Lcom/google/gwt/dev/jjs/

Internal exceptions (10 events):
Event: 35.624 Thread 0x00007ffdac800000 Threw 0x00000007f9f74660 at /HUDSON/workspace/7u-2-build-macosx-x86_64/jdk7u45/229/hotspot/src/share/vm/prims/jvm.cpp:1244
Event: 35.624 Thread 0x00007ffdac800000 Threw 0x00000007f9f7ff28 at /HUDSON/workspace/7u-2-build-macosx-x86_64/jdk7u45/229/hotspot/src/share/vm/prims/jvm.cpp:1244
Event: 35.626 Thread 0x00007ffdac800000 Threw 0x00000007f9f96420 at /HUDSON/workspace/7u-2-build-macosx-x86_64/jdk7u45/229/hotspot/src/share/vm/prims/jvm.cpp:1244
Event: 35.627 Thread 0x00007ffdac800000 Threw 0x00000007f9fa2470 at /HUDSON/workspace/7u-2-build-macosx-x86_64/jdk7u45/229/hotspot/src/share/vm/prims/jvm.cpp:1244
Event: 35.629 Thread 0x00007ffdac800000 Threw 0x00000007f9fbb8d8 at /HUDSON/workspace/7u-2-build-macosx-x86_64/jdk7u45/229/hotspot/src/share/vm/prims/jvm.cpp:1244
Event: 35.630 Thread 0x00007ffdac800000 Threw 0x00000007f9fcc890 at /HUDSON/workspace/7u-2-build-macosx-x86_64/jdk7u45/229/hotspot/src/share/vm/prims/jvm.cpp:1244
Event: 35.630 Thread 0x00007ffdac800000 Threw 0x00000007f9fd7520 at /HUDSON/workspace/7u-2-build-macosx-x86_64/jdk7u45/229/hotspot/src/share/vm/prims/jvm.cpp:1244
Event: 35.650 Thread 0x00007ffdac800000 Threw 0x00000007fa096b50 at /HUDSON/workspace/7u-2-build-macosx-x86_64/jdk7u45/229/hotspot/src/share/vm/prims/jvm.cpp:1244
Event: 35.747 Thread 0x00007ffdac800000 Threw 0x00000007fa3da5f0 at /HUDSON/workspace/7u-2-build-macosx-x86_64/jdk7u45/229/hotspot/src/share/vm/prims/jvm.cpp:1244
Event: 35.748 Thread 0x00007ffdac800000 Threw 0x00000007fa3e8048 at /HUDSON/workspace/7u-2-build-macosx-x86_64/jdk7u45/229/hotspot/src/share/vm/prims/jvm.cpp:1244

Events (10 events):
Event: 35.715 Thread 0x00007ffdad009800 flushing nmethod 0x0000000102d21b50
Event: 35.731 Thread 0x00007ffdac009000 flushing nmethod 0x0000000102d6da90
Event: 35.731 Thread 0x00007ffdac009000 flushing nmethod 0x0000000102d71210
Event: 35.747 loading class 0x00007ffdb101a260
Event: 35.747 loading class 0x00007ffdb101a260 done
Event: 35.748 loading class 0x00007ffdb10128d0
Event: 35.748 loading class 0x00007ffdb10128d0 done
Event: 35.842 loading class 0x00007ffdad093dd0
Event: 35.842 loading class 0x00007ffdad093dd0 done
Event: 35.854 Executing VM operation: ParallelGCFailedAllocation


Dynamic libraries:
0x0000000007451000 	/System/Library/Frameworks/Cocoa.framework/Versions/A/Cocoa
0x0000000007451000 	/System/Library/Frameworks/Security.framework/Versions/A/Security
0x0000000007451000 	/System/Library/Frameworks/ApplicationServices.framework/Versions/A/ApplicationServices
0x0000000007451000 	/usr/lib/libz.1.dylib
0x0000000007451000 	/usr/lib/libSystem.B.dylib
0x0000000007451000 	/usr/lib/libobjc.A.dylib
0x0000000007451000 	/System/Library/Frameworks/CoreFoundation.framework/Versions/A/CoreFoundation
0x0000000007451000 	/System/Library/Frameworks/Foundation.framework/Versions/C/Foundation
0x0000000007451000 	/System/Library/Frameworks/AppKit.framework/Versions/C/AppKit
0x0000000007451000 	/System/Library/Frameworks/CoreData.framework/Versions/A/CoreData
0x0000000007451000 	/System/Library/PrivateFrameworks/RemoteViewServices.framework/Versions/A/RemoteViewServices
0x0000000007451000 	/System/Library/Frameworks/AudioToolbox.framework/Versions/A/AudioToolbox
0x0000000007451000 	/System/Library/Frameworks/AudioUnit.framework/Versions/A/AudioUnit
0x0000000007451000 	/System/Library/PrivateFrameworks/DataDetectorsCore.framework/Versions/A/DataDetectorsCore
0x0000000007451000 	/System/Library/PrivateFrameworks/DesktopServicesPriv.framework/Versions/A/DesktopServicesPriv
0x0000000007451000 	/System/Library/Frameworks/Carbon.framework/Versions/A/Frameworks/HIToolbox.framework/Versions/A/HIToolbox
0x0000000007451000 	/System/Library/Frameworks/QuartzCore.framework/Versions/A/QuartzCore
0x0000000007451000 	/System/Library/Frameworks/Carbon.framework/Versions/A/Frameworks/SpeechRecognition.framework/Versions/A/SpeechRecognition
0x0000000007451000 	/usr/lib/libauto.dylib
0x0000000007451000 	/usr/lib/libicucore.A.dylib
0x0000000007451000 	/usr/lib/libxml2.2.dylib
0x0000000007451000 	/System/Library/PrivateFrameworks/CoreUI.framework/Versions/A/CoreUI
0x0000000007451000 	/System/Library/Frameworks/CoreAudio.framework/Versions/A/CoreAudio
0x0000000007451000 	/System/Library/Frameworks/DiskArbitration.framework/Versions/A/DiskArbitration
0x0000000007451000 	/usr/lib/liblangid.dylib
0x0000000007451000 	/System/Library/PrivateFrameworks/MultitouchSupport.framework/Versions/A/MultitouchSupport
0x0000000007451000 	/System/Library/Frameworks/IOKit.framework/Versions/A/IOKit
0x0000000007451000 	/usr/lib/libDiagnosticMessagesClient.dylib
0x0000000007451000 	/System/Library/Frameworks/CoreServices.framework/Versions/A/CoreServices
0x0000000007451000 	/System/Library/PrivateFrameworks/PerformanceAnalysis.framework/Versions/A/PerformanceAnalysis
0x0000000007451000 	/System/Library/PrivateFrameworks/GenerationalStorage.framework/Versions/A/GenerationalStorage
0x0000000007451000 	/System/Library/Frameworks/OpenGL.framework/Versions/A/OpenGL
0x0000000007451000 	/System/Library/PrivateFrameworks/Sharing.framework/Versions/A/Sharing
0x0000000007451000 	/System/Library/Frameworks/ImageIO.framework/Versions/A/ImageIO
0x0000000007451000 	/System/Library/Frameworks/CoreText.framework/Versions/A/CoreText
0x0000000007451000 	/System/Library/Frameworks/CoreGraphics.framework/Versions/A/CoreGraphics
0x0000000007451000 	/System/Library/PrivateFrameworks/Backup.framework/Versions/A/Backup
0x0000000007451000 	/System/Library/Frameworks/CFNetwork.framework/Versions/A/CFNetwork
0x0000000007451000 	/System/Library/Frameworks/SystemConfiguration.framework/Versions/A/SystemConfiguration
0x0000000007451000 	/usr/lib/libCRFSuite.dylib
0x0000000007451000 	/usr/lib/libc++.1.dylib
0x0000000007451000 	/usr/lib/libc++abi.dylib
0x0000000007451000 	/usr/lib/system/libcache.dylib
0x0000000007451000 	/usr/lib/system/libcommonCrypto.dylib
0x0000000007451000 	/usr/lib/system/libcompiler_rt.dylib
0x0000000007451000 	/usr/lib/system/libcopyfile.dylib
0x0000000007451000 	/usr/lib/system/libcorecrypto.dylib
0x0000000007451000 	/usr/lib/system/libdispatch.dylib
0x0000000007451000 	/usr/lib/system/libdyld.dylib
0x0000000007451000 	/usr/lib/system/libkeymgr.dylib
0x0000000007451000 	/usr/lib/system/liblaunch.dylib
0x0000000007451000 	/usr/lib/system/libmacho.dylib
0x0000000007451000 	/usr/lib/system/libquarantine.dylib
0x0000000007451000 	/usr/lib/system/libremovefile.dylib
0x0000000007451000 	/usr/lib/system/libsystem_asl.dylib
0x0000000007451000 	/usr/lib/system/libsystem_blocks.dylib
0x0000000007451000 	/usr/lib/system/libsystem_c.dylib
0x0000000007451000 	/usr/lib/system/libsystem_configuration.dylib
0x0000000007451000 	/usr/lib/system/libsystem_dnssd.dylib
0x0000000007451000 	/usr/lib/system/libsystem_info.dylib
0x0000000007451000 	/usr/lib/system/libsystem_kernel.dylib
0x0000000007451000 	/usr/lib/system/libsystem_m.dylib
0x0000000007451000 	/usr/lib/system/libsystem_malloc.dylib
0x0000000007451000 	/usr/lib/system/libsystem_network.dylib
0x0000000007451000 	/usr/lib/system/libsystem_notify.dylib
0x0000000007451000 	/usr/lib/system/libsystem_platform.dylib
0x0000000007451000 	/usr/lib/system/libsystem_pthread.dylib
0x0000000007451000 	/usr/lib/system/libsystem_sandbox.dylib
0x0000000007451000 	/usr/lib/system/libsystem_stats.dylib
0x0000000007451000 	/usr/lib/system/libunc.dylib
0x0000000007451000 	/usr/lib/system/libunwind.dylib
0x0000000007451000 	/usr/lib/system/libxpc.dylib
0x0000000007451000 	/usr/lib/libbsm.0.dylib
0x0000000007451000 	/usr/lib/libsqlite3.dylib
0x0000000007451000 	/usr/lib/libxar.1.dylib
0x0000000007451000 	/usr/lib/libpam.2.dylib
0x0000000007451000 	/usr/lib/libOpenScriptingUtil.dylib
0x0000000007451000 	/usr/lib/libbz2.1.0.dylib
0x0000000007451000 	/System/Library/Frameworks/CoreServices.framework/Versions/A/Frameworks/CarbonCore.framework/Versions/A/CarbonCore
0x0000000007451000 	/System/Library/Frameworks/CoreServices.framework/Versions/A/Frameworks/Metadata.framework/Versions/A/Metadata
0x0000000007451000 	/System/Library/Frameworks/CoreServices.framework/Versions/A/Frameworks/OSServices.framework/Versions/A/OSServices
0x0000000007451000 	/System/Library/Frameworks/CoreServices.framework/Versions/A/Frameworks/SearchKit.framework/Versions/A/SearchKit
0x0000000007451000 	/System/Library/Frameworks/CoreServices.framework/Versions/A/Frameworks/AE.framework/Versions/A/AE
0x0000000007451000 	/System/Library/Frameworks/CoreServices.framework/Versions/A/Frameworks/LaunchServices.framework/Versions/A/LaunchServices
0x0000000007451000 	/System/Library/Frameworks/CoreServices.framework/Versions/A/Frameworks/DictionaryServices.framework/Versions/A/DictionaryServices
0x0000000007451000 	/System/Library/Frameworks/NetFS.framework/Versions/A/NetFS
0x0000000007451000 	/usr/lib/system/libkxld.dylib
0x0000000007451000 	/System/Library/PrivateFrameworks/NetAuth.framework/Versions/A/NetAuth
0x0000000007451000 	/System/Library/PrivateFrameworks/TCC.framework/Versions/A/TCC
0x0000000007451000 	/System/Library/Frameworks/OpenDirectory.framework/Versions/A/Frameworks/CFOpenDirectory.framework/Versions/A/CFOpenDirectory
0x0000000007451000 	/System/Library/Frameworks/ServiceManagement.framework/Versions/A/ServiceManagement
0x0000000007451000 	/usr/lib/libxslt.1.dylib
0x0000000007451000 	/System/Library/Frameworks/Carbon.framework/Versions/A/Frameworks/Ink.framework/Versions/A/Ink
0x0000000007451000 	/System/Library/Frameworks/ApplicationServices.framework/Versions/A/Frameworks/ATS.framework/Versions/A/ATS
0x0000000007451000 	/System/Library/Frameworks/ApplicationServices.framework/Versions/A/Frameworks/ColorSync.framework/Versions/A/ColorSync
0x0000000007451000 	/System/Library/Frameworks/ApplicationServices.framework/Versions/A/Frameworks/HIServices.framework/Versions/A/HIServices
0x0000000007451000 	/System/Library/Frameworks/ApplicationServices.framework/Versions/A/Frameworks/LangAnalysis.framework/Versions/A/LangAnalysis
0x0000000007451000 	/System/Library/Frameworks/ApplicationServices.framework/Versions/A/Frameworks/PrintCore.framework/Versions/A/PrintCore
0x0000000007451000 	/System/Library/Frameworks/ApplicationServices.framework/Versions/A/Frameworks/QD.framework/Versions/A/QD
0x0000000007451000 	/System/Library/Frameworks/ApplicationServices.framework/Versions/A/Frameworks/SpeechSynthesis.framework/Versions/A/SpeechSynthesis
0x0000000007451000 	/System/Library/Frameworks/IOSurface.framework/Versions/A/IOSurface
0x0000000007451000 	/System/Library/Frameworks/Accelerate.framework/Versions/A/Accelerate
0x0000000007451000 	/System/Library/Frameworks/Accelerate.framework/Versions/A/Frameworks/vImage.framework/Versions/A/vImage
0x0000000007451000 	/System/Library/Frameworks/Accelerate.framework/Versions/A/Frameworks/vecLib.framework/Versions/A/vecLib
0x0000000007451000 	/System/Library/Frameworks/Accelerate.framework/Versions/A/Frameworks/vecLib.framework/Versions/A/libvDSP.dylib
0x0000000007451000 	/System/Library/Frameworks/Accelerate.framework/Versions/A/Frameworks/vecLib.framework/Versions/A/libvMisc.dylib
0x0000000007451000 	/System/Library/Frameworks/Accelerate.framework/Versions/A/Frameworks/vecLib.framework/Versions/A/libLAPACK.dylib
0x0000000007451000 	/System/Library/Frameworks/Accelerate.framework/Versions/A/Frameworks/vecLib.framework/Versions/A/libBLAS.dylib
0x0000000007451000 	/System/Library/Frameworks/ApplicationServices.framework/Versions/A/Frameworks/ATS.framework/Versions/A/Resources/libFontParser.dylib
0x0000000007451000 	/System/Library/Frameworks/ApplicationServices.framework/Versions/A/Frameworks/ATS.framework/Versions/A/Resources/libFontRegistry.dylib
0x0000000007451000 	/System/Library/Frameworks/ImageIO.framework/Versions/A/Resources/libJPEG.dylib
0x0000000007451000 	/System/Library/Frameworks/ImageIO.framework/Versions/A/Resources/libTIFF.dylib
0x0000000007451000 	/System/Library/Frameworks/ImageIO.framework/Versions/A/Resources/libPng.dylib
0x0000000007451000 	/System/Library/Frameworks/ImageIO.framework/Versions/A/Resources/libGIF.dylib
0x0000000007451000 	/System/Library/Frameworks/ImageIO.framework/Versions/A/Resources/libJP2.dylib
0x0000000007451000 	/System/Library/Frameworks/ImageIO.framework/Versions/A/Resources/libRadiance.dylib
0x0000000007451000 	/usr/lib/libcups.2.dylib
0x0000000007451000 	/System/Library/Frameworks/Kerberos.framework/Versions/A/Kerberos
0x0000000007451000 	/System/Library/Frameworks/GSS.framework/Versions/A/GSS
0x0000000007451000 	/usr/lib/libresolv.9.dylib
0x0000000007451000 	/usr/lib/libiconv.2.dylib
0x0000000007451000 	/System/Library/PrivateFrameworks/Heimdal.framework/Versions/A/Heimdal
0x0000000007451000 	/System/Library/PrivateFrameworks/TrustEvaluationAgent.framework/Versions/A/TrustEvaluationAgent
0x0000000007451000 	/usr/lib/libheimdal-asn1.dylib
0x0000000007451000 	/System/Library/Frameworks/OpenDirectory.framework/Versions/A/OpenDirectory
0x0000000007451000 	/System/Library/PrivateFrameworks/CommonAuth.framework/Versions/A/CommonAuth
0x0000000007451000 	/System/Library/Frameworks/SecurityFoundation.framework/Versions/A/SecurityFoundation
0x0000000007451000 	/System/Library/PrivateFrameworks/Bom.framework/Versions/A/Bom
0x0000000007451000 	/System/Library/Frameworks/CoreVideo.framework/Versions/A/CoreVideo
0x0000000007451000 	/System/Library/Frameworks/QuartzCore.framework/Versions/A/Frameworks/CoreImage.framework/Versions/A/CoreImage
0x0000000007451000 	/System/Library/Frameworks/QuartzCore.framework/Versions/A/Frameworks/ScalableUserInterface.framework/Versions/A/ScalableUserInterface
0x0000000007451000 	/System/Library/Frameworks/OpenGL.framework/Versions/A/Libraries/libGLU.dylib
0x0000000007451000 	/System/Library/Frameworks/OpenGL.framework/Versions/A/Libraries/libGFXShared.dylib
0x0000000007451000 	/System/Library/Frameworks/OpenGL.framework/Versions/A/Libraries/libGL.dylib
0x0000000007451000 	/System/Library/Frameworks/OpenGL.framework/Versions/A/Libraries/libGLImage.dylib
0x0000000007451000 	/System/Library/Frameworks/OpenGL.framework/Versions/A/Libraries/libCVMSPluginSupport.dylib
0x0000000007451000 	/System/Library/Frameworks/OpenGL.framework/Versions/A/Libraries/libCoreVMClient.dylib
0x0000000007451000 	/System/Library/PrivateFrameworks/FaceCore.framework/Versions/A/FaceCore
0x0000000007451000 	/System/Library/PrivateFrameworks/CrashReporterSupport.framework/Versions/A/CrashReporterSupport
0x0000000007451000 	/System/Library/Frameworks/OpenCL.framework/Versions/A/OpenCL
0x0000000007451000 	/System/Library/PrivateFrameworks/AppleFSCompression.framework/Versions/A/AppleFSCompression
0x0000000007451000 	/System/Library/PrivateFrameworks/Ubiquity.framework/Versions/A/Ubiquity
0x0000000007451000 	/System/Library/PrivateFrameworks/IconServices.framework/Versions/A/IconServices
0x0000000007451000 	/System/Library/PrivateFrameworks/ChunkingLibrary.framework/Versions/A/ChunkingLibrary
0x0000000007451000 	/System/Library/PrivateFrameworks/CoreSymbolication.framework/Versions/A/CoreSymbolication
0x0000000007451000 	/System/Library/PrivateFrameworks/Symbolication.framework/Versions/A/Symbolication
0x0000000007451000 	/System/Library/PrivateFrameworks/DebugSymbols.framework/Versions/A/DebugSymbols
0x00000001011c6000 	/Library/Java/JavaVirtualMachines/jdk1.7.0_45.jdk/Contents/Home/jre/lib/server/libjvm.dylib
0x0000000007451000 	/usr/lib/libstdc++.6.dylib
0x0000000101d32000 	/Library/Java/JavaVirtualMachines/jdk1.7.0_45.jdk/Contents/Home/jre/lib/libverify.dylib
0x0000000101d3f000 	/Library/Java/JavaVirtualMachines/jdk1.7.0_45.jdk/Contents/Home/jre/lib/libjava.dylib
0x0000000101d79000 	/Library/Java/JavaVirtualMachines/jdk1.7.0_45.jdk/Contents/Home/jre/lib/libzip.dylib
0x00000001085d0000 	/System/Library/Frameworks/JavaVM.framework/Frameworks/JavaRuntimeSupport.framework/JavaRuntimeSupport
0x00000001085e8000 	/System/Library/Frameworks/JavaVM.framework/Versions/A/Frameworks/JavaNativeFoundation.framework/Versions/A/JavaNativeFoundation
0x00000001085fd000 	/System/Library/Frameworks/JavaVM.framework/Versions/A/JavaVM
0x0000000007451000 	/System/Library/Frameworks/Carbon.framework/Versions/A/Carbon
0x000000010860a000 	/System/Library/PrivateFrameworks/JavaLaunching.framework/Versions/A/JavaLaunching
0x0000000007451000 	/System/Library/Frameworks/Carbon.framework/Versions/A/Frameworks/CommonPanels.framework/Versions/A/CommonPanels
0x0000000007451000 	/System/Library/Frameworks/Carbon.framework/Versions/A/Frameworks/Help.framework/Versions/A/Help
0x0000000007451000 	/System/Library/Frameworks/Carbon.framework/Versions/A/Frameworks/ImageCapture.framework/Versions/A/ImageCapture
0x0000000007451000 	/System/Library/Frameworks/Carbon.framework/Versions/A/Frameworks/OpenScripting.framework/Versions/A/OpenScripting
0x0000000007451000 	/System/Library/Frameworks/Carbon.framework/Versions/A/Frameworks/Print.framework/Versions/A/Print
0x0000000007451000 	/System/Library/Frameworks/Carbon.framework/Versions/A/Frameworks/SecurityHI.framework/Versions/A/SecurityHI
0x0000000109199000 	/Library/Java/JavaVirtualMachines/jdk1.7.0_45.jdk/Contents/Home/jre/lib/libosx.dylib
0x00000001091a7000 	/Library/Java/JavaVirtualMachines/jdk1.7.0_45.jdk/Contents/Home/jre/lib/./libosxapp.dylib
0x0000000007451000 	/System/Library/Frameworks/ExceptionHandling.framework/Versions/A/ExceptionHandling
0x00000001092c4000 	/Library/Java/JavaVirtualMachines/jdk1.7.0_45.jdk/Contents/Home/jre/lib/libnio.dylib
0x00000001092d3000 	/Library/Java/JavaVirtualMachines/jdk1.7.0_45.jdk/Contents/Home/jre/lib/./libnet.dylib
0x0000000109061000 	/Library/Java/JavaVirtualMachines/jdk1.7.0_45.jdk/Contents/Home/jre/lib/libmanagement.dylib
0x0000000109a80000 	/Library/Java/JavaVirtualMachines/jdk1.7.0_45.jdk/Contents/Home/jre/lib/libawt.dylib
0x0000000109b2f000 	/Library/Java/JavaVirtualMachines/jdk1.7.0_45.jdk/Contents/Home/jre/lib/./libmlib_image.dylib
0x0000000109bfb000 	/Library/Java/JavaVirtualMachines/jdk1.7.0_45.jdk/Contents/Home/jre/lib/lwawt/liblwawt.dylib

VM Arguments:
jvm_args: -Xmx512M -Xss1024k 
java_command: com.google.gwt.dev.Compiler -gen /Users/Mirko/git/businesshorizon2/target/.generated -logLevel INFO -style OBF -war /Users/Mirko/git/businesshorizon2/target/businesshorizon2-0.0.1-SNAPSHOT/VAADIN/widgetsets -localWorkers 4 dhbw.ka.mwi.businesshorizon2.widgetset.Businesshorizon2Widgetset
Launcher Type: SUN_STANDARD

Environment Variables:
PATH=/usr/bin:/bin:/usr/sbin:/sbin
SHELL=/bin/bash

Signal Handlers:
SIGSEGV: [libjvm.dylib+0x525415], sa_mask[0]=0xfffefeff, sa_flags=0x00000043
SIGBUS: [libjvm.dylib+0x525415], sa_mask[0]=0xfffefeff, sa_flags=0x00000042
SIGFPE: [libjvm.dylib+0x41891a], sa_mask[0]=0xfffefeff, sa_flags=0x00000042
SIGPIPE: [libjvm.dylib+0x41891a], sa_mask[0]=0xfffefeff, sa_flags=0x00000042
SIGXFSZ: [libjvm.dylib+0x41891a], sa_mask[0]=0xfffefeff, sa_flags=0x00000042
SIGILL: [libjvm.dylib+0x41891a], sa_mask[0]=0xfffefeff, sa_flags=0x00000042
SIGUSR1: SIG_DFL, sa_mask[0]=0x00000000, sa_flags=0x00000002
SIGUSR2: [libjvm.dylib+0x41840c], sa_mask[0]=0x00000004, sa_flags=0x00000042
SIGHUP: [libjvm.dylib+0x41669b], sa_mask[0]=0xfffefeff, sa_flags=0x00000042
SIGINT: [libjvm.dylib+0x41669b], sa_mask[0]=0xfffefeff, sa_flags=0x00000042
SIGTERM: [libjvm.dylib+0x41669b], sa_mask[0]=0xfffefeff, sa_flags=0x00000042
SIGQUIT: [libjvm.dylib+0x41669b], sa_mask[0]=0xfffefeff, sa_flags=0x00000042


---------------  S Y S T E M  ---------------

OS:Bsduname:Darwin 13.0.0 Darwin Kernel Version 13.0.0: Thu Sep 19 22:22:27 PDT 2013; root:xnu-2422.1.72~6/RELEASE_X86_64 x86_64
rlimit: STACK 8192k, CORE 0k, NPROC 709, NOFILE 10240, AS infinity
load average:3.10 2.64 3.41

CPU:total 4 (2 cores per cpu, 2 threads per core) family 6 model 58 stepping 9, cmov, cx8, fxsr, mmx, sse, sse2, sse3, ssse3, sse4.1, sse4.2, popcnt, avx, aes, erms, ht, tsc, tscinvbit, tscinv

Memory: 4k page, physical 4194304k(1048576k free)

/proc/meminfo:


vm_info: Java HotSpot(TM) 64-Bit Server VM (24.45-b08) for bsd-amd64 JRE (1.7.0_45-b18), built on Oct  8 2013 05:54:16 by "java_re" with gcc 4.2.1 (Based on Apple Inc. build 5658) (LLVM build 2336.11.00)

time: Fri Jan 24 16:25:20 2014
elapsed time: 35 seconds

